e:\workfolders\learndev\antonovcnc-master2\antonovcnc\x64\debug\qt\uic\ui_antonovcnc.h
e:\workfolders\learndev\antonovcnc-master2\antonovcnc\x64\debug\qt\rcc\qrc_antonovcnc.cpp
e:\workfolders\learndev\antonovcnc-master2\antonovcnc\x64\debug\qt\moc\moc_antonovcnc.cpp
e:\workfolders\learndev\antonovcnc-master2\antonovcnc\x64\debug\vc143.pdb
e:\workfolders\learndev\antonovcnc-master2\antonovcnc\x64\debug\vc143.idb
e:\workfolders\learndev\antonovcnc-master2\antonovcnc\x64\debug\qrc_antonovcnc.obj
e:\workfolders\learndev\antonovcnc-master2\antonovcnc\x64\debug\main.obj
e:\workfolders\learndev\antonovcnc-master2\antonovcnc\x64\debug\antonovcnc.obj
e:\workfolders\learndev\antonovcnc-master2\antonovcnc\x64\debug\moc_antonovcnc.obj
e:\workfolders\learndev\antonovcnc-master2\x64\debug\antonovcnc.exe
e:\workfolders\learndev\antonovcnc-master2\x64\debug\antonovcnc.pdb
e:\workfolders\learndev\antonovcnc-master2\antonovcnc\x64\debug\antonovcnc.ilk
e:\workfolders\learndev\antonovcnc-master2\antonovcnc\x64\debug\antonovcnc.tlog\antonovcnc.write.1u.tlog
e:\workfolders\learndev\antonovcnc-master2\antonovcnc\x64\debug\antonovcnc.tlog\cl.command.1.tlog
e:\workfolders\learndev\antonovcnc-master2\antonovcnc\x64\debug\antonovcnc.tlog\cl.items.tlog
e:\workfolders\learndev\antonovcnc-master2\antonovcnc\x64\debug\antonovcnc.tlog\cl.read.1.tlog
e:\workfolders\learndev\antonovcnc-master2\antonovcnc\x64\debug\antonovcnc.tlog\cl.write.1.tlog
e:\workfolders\learndev\antonovcnc-master2\antonovcnc\x64\debug\antonovcnc.tlog\link.command.1.tlog
e:\workfolders\learndev\antonovcnc-master2\antonovcnc\x64\debug\antonovcnc.tlog\link.read.1.tlog
e:\workfolders\learndev\antonovcnc-master2\antonovcnc\x64\debug\antonovcnc.tlog\link.secondary.1.tlog
e:\workfolders\learndev\antonovcnc-master2\antonovcnc\x64\debug\antonovcnc.tlog\link.write.1.tlog
e:\workfolders\learndev\antonovcnc-master2\antonovcnc\x64\debug\antonovcnc.tlog\moc.read.1u.tlog
e:\workfolders\learndev\antonovcnc-master2\antonovcnc\x64\debug\antonovcnc.tlog\moc.write.1u.tlog
e:\workfolders\learndev\antonovcnc-master2\antonovcnc\x64\debug\antonovcnc.tlog\rcc.read.1u.tlog
e:\workfolders\learndev\antonovcnc-master2\antonovcnc\x64\debug\antonovcnc.tlog\rcc.write.1u.tlog
e:\workfolders\learndev\antonovcnc-master2\antonovcnc\x64\debug\antonovcnc.tlog\uic.read.1u.tlog
e:\workfolders\learndev\antonovcnc-master2\antonovcnc\x64\debug\antonovcnc.tlog\uic.write.1u.tlog
